# JRE version: Java(TM) SE Runtime Environment (8.0_40-b26) (build 1.8.0_40-b26)
# Java VM: Java HotSpot(TM) 64-Bit Server VM (25.40-b25 mixed mode windows-amd64 compressed oops)
Heap:
 PSYoungGen      total 80384K, used 27020K [0x00000000eab00000, 0x00000000f1c00000, 0x0000000100000000)
  eden space 73216K, 29% used [0x00000000eab00000,0x00000000ebfd7798,0x00000000ef280000)
  from space 7168K, 79% used [0x00000000ef280000,0x00000000ef80b8f0,0x00000000ef980000)
  to   space 7680K, 0% used [0x00000000f1480000,0x00000000f1480000,0x00000000f1c00000)
 ParOldGen       total 35328K, used 14503K [0x00000000c0000000, 0x00000000c2280000, 0x00000000eab00000)
  object space 35328K, 41% used [0x00000000c0000000,0x00000000c0e29d90,0x00000000c2280000)
 Metaspace       used 30360K, capacity 31232K, committed 31488K, reserved 1077248K
  class space    used 3907K, capacity 4236K, committed 4352K, reserved 1048576K
GC Heap History (10 events):
Event: 29.090 GC heap before
{Heap before GC invocations=8 (full 1):
 PSYoungGen      total 37888K, used 4356K [0x00000000eab00000, 0x00000000ef500000, 0x0000000100000000)
  eden space 31744K, 0% used [0x00000000eab00000,0x00000000eab00000,0x00000000eca00000)
  from space 6144K, 70% used [0x00000000eca00000,0x00000000ece41210,0x00000000ed000000)
  to   space 6144K, 0% used [0x00000000eef00000,0x00000000eef00000,0x00000000ef500000)
 ParOldGen       total 42496K, used 9362K [0x00000000c0000000, 0x00000000c2980000, 0x00000000eab00000)
  object space 42496K, 22% used [0x00000000c0000000,0x00000000c0924940,0x00000000c2980000)
 Metaspace       used 20835K, capacity 21148K, committed 21296K, reserved 1067008K
  class space    used 2795K, capacity 2932K, committed 2944K, reserved 1048576K
Event: 29.330 GC heap after
Heap after GC invocations=8 (full 1):
 PSYoungGen      total 37888K, used 0K [0x00000000eab00000, 0x00000000ef500000, 0x0000000100000000)
  eden space 31744K, 0% used [0x00000000eab00000,0x00000000eab00000,0x00000000eca00000)
  from space 6144K, 0% used [0x00000000eca00000,0x00000000eca00000,0x00000000ed000000)
  to   space 6144K, 0% used [0x00000000eef00000,0x00000000eef00000,0x00000000ef500000)
 ParOldGen       total 35328K, used 10783K [0x00000000c0000000, 0x00000000c2280000, 0x00000000eab00000)
  object space 35328K, 30% used [0x00000000c0000000,0x00000000c0a87e98,0x00000000c2280000)
 Metaspace       used 20835K, capacity 21148K, committed 21296K, reserved 1067008K
  class space    used 2795K, capacity 2932K, committed 2944K, reserved 1048576K
}
Event: 30.977 GC heap before
{Heap before GC invocations=9 (full 1):
 PSYoungGen      total 37888K, used 31744K [0x00000000eab00000, 0x00000000ef500000, 0x0000000100000000)
  eden space 31744K, 100% used [0x00000000eab00000,0x00000000eca00000,0x00000000eca00000)
  from space 6144K, 0% used [0x00000000eca00000,0x00000000eca00000,0x00000000ed000000)
  to   space 6144K, 0% used [0x00000000eef00000,0x00000000eef00000,0x00000000ef500000)
 ParOldGen       total 35328K, used 10783K [0x00000000c0000000, 0x00000000c2280000, 0x00000000eab00000)
  object space 35328K, 30% used [0x00000000c0000000,0x00000000c0a87e98,0x00000000c2280000)
 Metaspace       used 21258K, capacity 21660K, committed 22016K, reserved 1069056K
  class space    used 2854K, capacity 2996K, committed 3072K, reserved 1048576K
Event: 30.999 GC heap after
Heap after GC invocations=9 (full 1):
 PSYoungGen      total 54272K, used 932K [0x00000000eab00000, 0x00000000ef000000, 0x0000000100000000)
  eden space 53248K, 0% used [0x00000000eab00000,0x00000000eab00000,0x00000000edf00000)
  from space 1024K, 91% used [0x00000000eef00000,0x00000000eefe9128,0x00000000ef000000)
  to   space 6656K, 0% used [0x00000000ee300000,0x00000000ee300000,0x00000000ee980000)
 ParOldGen       total 35328K, used 10791K [0x00000000c0000000, 0x00000000c2280000, 0x00000000eab00000)
  object space 35328K, 30% used [0x00000000c0000000,0x00000000c0a89e98,0x00000000c2280000)
 Metaspace       used 21258K, capacity 21660K, committed 22016K, reserved 1069056K
  class space    used 2854K, capacity 2996K, committed 3072K, reserved 1048576K
}
Event: 31.925 GC heap before
{Heap before GC invocations=10 (full 1):
 PSYoungGen      total 54272K, used 54180K [0x00000000eab00000, 0x00000000ef000000, 0x0000000100000000)
  eden space 53248K, 100% used [0x00000000eab00000,0x00000000edf00000,0x00000000edf00000)
  from space 1024K, 91% used [0x00000000eef00000,0x00000000eefe9128,0x00000000ef000000)
  to   space 6656K, 0% used [0x00000000ee300000,0x00000000ee300000,0x00000000ee980000)
 ParOldGen       total 35328K, used 10791K [0x00000000c0000000, 0x00000000c2280000, 0x00000000eab00000)
  object space 35328K, 30% used [0x00000000c0000000,0x00000000c0a89e98,0x00000000c2280000)
 Metaspace       used 21320K, capacity 21724K, committed 22016K, reserved 1069056K
  class space    used 2854K, capacity 2996K, committed 3072K, reserved 1048576K
Event: 31.930 GC heap after
Heap after GC invocations=10 (full 1):
 PSYoungGen      total 64000K, used 864K [0x00000000eab00000, 0x00000000f0000000, 0x0000000100000000)
  eden space 57344K, 0% used [0x00000000eab00000,0x00000000eab00000,0x00000000ee300000)
  from space 6656K, 12% used [0x00000000ee300000,0x00000000ee3d8020,0x00000000ee980000)
  to   space 6656K, 0% used [0x00000000ef980000,0x00000000ef980000,0x00000000f0000000)
 ParOldGen       total 35328K, used 10799K [0x00000000c0000000, 0x00000000c2280000, 0x00000000eab00000)
  object space 35328K, 30% used [0x00000000c0000000,0x00000000c0a8be98,0x00000000c2280000)
 Metaspace       used 21320K, capacity 21724K, committed 22016K, reserved 1069056K
  class space    used 2854K, capacity 2996K, committed 3072K, reserved 1048576K
}
Event: 34.602 GC heap before
{Heap before GC invocations=11 (full 1):
 PSYoungGen      total 64000K, used 58208K [0x00000000eab00000, 0x00000000f0000000, 0x0000000100000000)
  eden space 57344K, 100% used [0x00000000eab00000,0x00000000ee300000,0x00000000ee300000)
  from space 6656K, 12% used [0x00000000ee300000,0x00000000ee3d8020,0x00000000ee980000)
  to   space 6656K, 0% used [0x00000000ef980000,0x00000000ef980000,0x00000000f0000000)
 ParOldGen       total 35328K, used 10799K [0x00000000c0000000, 0x00000000c2280000, 0x00000000eab00000)
  object space 35328K, 30% used [0x00000000c0000000,0x00000000c0a8be98,0x00000000c2280000)
 Metaspace       used 24037K, capacity 24628K, committed 24960K, reserved 1071104K
  class space    used 3115K, capacity 3329K, committed 3456K, reserved 1048576K
Event: 34.658 GC heap after
Heap after GC invocations=11 (full 1):
 PSYoungGen      total 79872K, used 4950K [0x00000000eab00000, 0x00000000f0780000, 0x0000000100000000)
  eden space 73216K, 0% used [0x00000000eab00000,0x00000000eab00000,0x00000000ef280000)
  from space 6656K, 74% used [0x00000000ef980000,0x00000000efe55ba8,0x00000000f0000000)
  to   space 7168K, 0% used [0x00000000ef280000,0x00000000ef280000,0x00000000ef980000)
 ParOldGen       total 35328K, used 11367K [0x00000000c0000000, 0x00000000c2280000, 0x00000000eab00000)
  object space 35328K, 32% used [0x00000000c0000000,0x00000000c0b19ed8,0x00000000c2280000)
 Metaspace       used 24037K, capacity 24628K, committed 24960K, reserved 1071104K
  class space    used 3115K, capacity 3329K, committed 3456K, reserved 1048576K
}
Event: 46.959 GC heap before
{Heap before GC invocations=12 (full 1):
 PSYoungGen      total 79872K, used 78166K [0x00000000eab00000, 0x00000000f0780000, 0x0000000100000000)
  eden space 73216K, 100% used [0x00000000eab00000,0x00000000ef280000,0x00000000ef280000)
  from space 6656K, 74% used [0x00000000ef980000,0x00000000efe55ba8,0x00000000f0000000)
  to   space 7168K, 0% used [0x00000000ef280000,0x00000000ef280000,0x00000000ef980000)
 ParOldGen       total 35328K, used 11367K [0x00000000c0000000, 0x00000000c2280000, 0x00000000eab00000)
  object space 35328K, 32% used [0x00000000c0000000,0x00000000c0b19ed8,0x00000000c2280000)
 Metaspace       used 28344K, capacity 29038K, committed 29312K, reserved 1075200K
  class space    used 3664K, capacity 3892K, committed 3968K, reserved 1048576K
Event: 47.019 GC heap after
Heap after GC invocations=12 (full 1):
 PSYoungGen      total 80384K, used 5678K [0x00000000eab00000, 0x00000000f1c00000, 0x0000000100000000)
  eden space 73216K, 0% used [0x00000000eab00000,0x00000000eab00000,0x00000000ef280000)
  from space 7168K, 79% used [0x00000000ef280000,0x00000000ef80b8f0,0x00000000ef980000)
  to   space 7680K, 0% used [0x00000000f1480000,0x00000000f1480000,0x00000000f1c00000)
 ParOldGen       total 35328K, used 14503K [0x00000000c0000000, 0x00000000c2280000, 0x00000000eab00000)
  object space 35328K, 41% used [0x00000000c0000000,0x00000000c0e29d90,0x00000000c2280000)
 Metaspace       used 28344K, capacity 29038K, committed 29312K, reserved 1075200K
  class space    used 3664K, capacity 3892K, committed 3968K, reserved 1048576K
}

