# JRE version: Java(TM) SE Runtime Environment (8.0_40-b26) (build 1.8.0_40-b26)
# Java VM: Java HotSpot(TM) 64-Bit Server VM (25.40-b25 mixed mode windows-amd64 compressed oops)
Heap:
 PSYoungGen      total 85504K, used 21372K [0x00000000eab00000, 0x00000000f1f00000, 0x0000000100000000)
  eden space 76800K, 27% used [0x00000000eab00000,0x00000000ebfdf398,0x00000000ef600000)
  from space 8704K, 0% used [0x00000000ef600000,0x00000000ef600000,0x00000000efe80000)
  to   space 8192K, 0% used [0x00000000f1700000,0x00000000f1700000,0x00000000f1f00000)
 ParOldGen       total 28160K, used 19934K [0x00000000c0000000, 0x00000000c1b80000, 0x00000000eab00000)
  object space 28160K, 70% used [0x00000000c0000000,0x00000000c1377b10,0x00000000c1b80000)
 Metaspace       used 35576K, capacity 36684K, committed 36992K, reserved 1081344K
  class space    used 4728K, capacity 5133K, committed 5248K, reserved 1048576K
GC Heap History (10 events):
Event: 74.095 GC heap before
{Heap before GC invocations=15 (full 1):
 PSYoungGen      total 41984K, used 37230K [0x00000000eab00000, 0x00000000eec80000, 0x0000000100000000)
  eden space 34816K, 100% used [0x00000000eab00000,0x00000000ecd00000,0x00000000ecd00000)
  from space 7168K, 33% used [0x00000000ecd00000,0x00000000ecf5ba28,0x00000000ed400000)
  to   space 7168K, 0% used [0x00000000ee580000,0x00000000ee580000,0x00000000eec80000)
 ParOldGen       total 28160K, used 9783K [0x00000000c0000000, 0x00000000c1b80000, 0x00000000eab00000)
  object space 28160K, 34% used [0x00000000c0000000,0x00000000c098dd38,0x00000000c1b80000)
 Metaspace       used 24812K, capacity 25430K, committed 25728K, reserved 1071104K
  class space    used 3229K, capacity 3440K, committed 3456K, reserved 1048576K
Event: 74.118 GC heap after
Heap after GC invocations=15 (full 1):
 PSYoungGen      total 58880K, used 4608K [0x00000000eab00000, 0x00000000eec00000, 0x0000000100000000)
  eden space 52224K, 0% used [0x00000000eab00000,0x00000000eab00000,0x00000000ede00000)
  from space 6656K, 69% used [0x00000000ee580000,0x00000000eea001b0,0x00000000eec00000)
  to   space 7168K, 0% used [0x00000000ede00000,0x00000000ede00000,0x00000000ee500000)
 ParOldGen       total 28160K, used 11279K [0x00000000c0000000, 0x00000000c1b80000, 0x00000000eab00000)
  object space 28160K, 40% used [0x00000000c0000000,0x00000000c0b03e48,0x00000000c1b80000)
 Metaspace       used 24812K, capacity 25430K, committed 25728K, reserved 1071104K
  class space    used 3229K, capacity 3440K, committed 3456K, reserved 1048576K
}
Event: 85.089 GC heap before
{Heap before GC invocations=16 (full 1):
 PSYoungGen      total 58880K, used 56832K [0x00000000eab00000, 0x00000000eec00000, 0x0000000100000000)
  eden space 52224K, 100% used [0x00000000eab00000,0x00000000ede00000,0x00000000ede00000)
  from space 6656K, 69% used [0x00000000ee580000,0x00000000eea001b0,0x00000000eec00000)
  to   space 7168K, 0% used [0x00000000ede00000,0x00000000ede00000,0x00000000ee500000)
 ParOldGen       total 28160K, used 11279K [0x00000000c0000000, 0x00000000c1b80000, 0x00000000eab00000)
  object space 28160K, 40% used [0x00000000c0000000,0x00000000c0b03e48,0x00000000c1b80000)
 Metaspace       used 28403K, capacity 29038K, committed 29312K, reserved 1075200K
  class space    used 3662K, capacity 3892K, committed 3968K, reserved 1048576K
Event: 85.177 GC heap after
Heap after GC invocations=16 (full 1):
 PSYoungGen      total 59392K, used 3350K [0x00000000eab00000, 0x00000000f0580000, 0x0000000100000000)
  eden space 52224K, 0% used [0x00000000eab00000,0x00000000eab00000,0x00000000ede00000)
  from space 7168K, 46% used [0x00000000ede00000,0x00000000ee145b08,0x00000000ee500000)
  to   space 7168K, 0% used [0x00000000efe80000,0x00000000efe80000,0x00000000f0580000)
 ParOldGen       total 28160K, used 14331K [0x00000000c0000000, 0x00000000c1b80000, 0x00000000eab00000)
  object space 28160K, 50% used [0x00000000c0000000,0x00000000c0dfecf8,0x00000000c1b80000)
 Metaspace       used 28403K, capacity 29038K, committed 29312K, reserved 1075200K
  class space    used 3662K, capacity 3892K, committed 3968K, reserved 1048576K
}
Event: 95.857 GC heap before
{Heap before GC invocations=17 (full 1):
 PSYoungGen      total 59392K, used 55574K [0x00000000eab00000, 0x00000000f0580000, 0x0000000100000000)
  eden space 52224K, 100% used [0x00000000eab00000,0x00000000ede00000,0x00000000ede00000)
  from space 7168K, 46% used [0x00000000ede00000,0x00000000ee145b08,0x00000000ee500000)
  to   space 7168K, 0% used [0x00000000efe80000,0x00000000efe80000,0x00000000f0580000)
 ParOldGen       total 28160K, used 14331K [0x00000000c0000000, 0x00000000c1b80000, 0x00000000eab00000)
  object space 28160K, 50% used [0x00000000c0000000,0x00000000c0dfecf8,0x00000000c1b80000)
 Metaspace       used 32485K, capacity 33406K, committed 33536K, reserved 1079296K
  class space    used 4248K, capacity 4598K, committed 4608K, reserved 1048576K
Event: 95.887 GC heap after
Heap after GC invocations=17 (full 1):
 PSYoungGen      total 83968K, used 7145K [0x00000000eab00000, 0x00000000f0780000, 0x0000000100000000)
  eden space 76800K, 0% used [0x00000000eab00000,0x00000000eab00000,0x00000000ef600000)
  from space 7168K, 99% used [0x00000000efe80000,0x00000000f057a708,0x00000000f0580000)
  to   space 8704K, 0% used [0x00000000ef600000,0x00000000ef600000,0x00000000efe80000)
 ParOldGen       total 28160K, used 15409K [0x00000000c0000000, 0x00000000c1b80000, 0x00000000eab00000)
  object space 28160K, 54% used [0x00000000c0000000,0x00000000c0f0c670,0x00000000c1b80000)
 Metaspace       used 32485K, capacity 33406K, committed 33536K, reserved 1079296K
  class space    used 4248K, capacity 4598K, committed 4608K, reserved 1048576K
}
Event: 97.614 GC heap before
{Heap before GC invocations=18 (full 1):
 PSYoungGen      total 83968K, used 28517K [0x00000000eab00000, 0x00000000f0780000, 0x0000000100000000)
  eden space 76800K, 27% used [0x00000000eab00000,0x00000000ebfdef78,0x00000000ef600000)
  from space 7168K, 99% used [0x00000000efe80000,0x00000000f057a708,0x00000000f0580000)
  to   space 8704K, 0% used [0x00000000ef600000,0x00000000ef600000,0x00000000efe80000)
 ParOldGen       total 28160K, used 15409K [0x00000000c0000000, 0x00000000c1b80000, 0x00000000eab00000)
  object space 28160K, 54% used [0x00000000c0000000,0x00000000c0f0c670,0x00000000c1b80000)
 Metaspace       used 34456K, capacity 35354K, committed 35456K, reserved 1079296K
  class space    used 4560K, capacity 4946K, committed 4992K, reserved 1048576K
Event: 97.647 GC heap after
Heap after GC invocations=18 (full 1):
 PSYoungGen      total 85504K, used 3870K [0x00000000eab00000, 0x00000000f1f00000, 0x0000000100000000)
  eden space 76800K, 0% used [0x00000000eab00000,0x00000000eab00000,0x00000000ef600000)
  from space 8704K, 44% used [0x00000000ef600000,0x00000000ef9c7ad0,0x00000000efe80000)
  to   space 8192K, 0% used [0x00000000f1700000,0x00000000f1700000,0x00000000f1f00000)
 ParOldGen       total 28160K, used 19502K [0x00000000c0000000, 0x00000000c1b80000, 0x00000000eab00000)
  object space 28160K, 69% used [0x00000000c0000000,0x00000000c130b8e8,0x00000000c1b80000)
 Metaspace       used 34456K, capacity 35354K, committed 35456K, reserved 1079296K
  class space    used 4560K, capacity 4946K, committed 4992K, reserved 1048576K
}
Event: 97.647 GC heap before
{Heap before GC invocations=19 (full 2):
 PSYoungGen      total 85504K, used 3870K [0x00000000eab00000, 0x00000000f1f00000, 0x0000000100000000)
  eden space 76800K, 0% used [0x00000000eab00000,0x00000000eab00000,0x00000000ef600000)
  from space 8704K, 44% used [0x00000000ef600000,0x00000000ef9c7ad0,0x00000000efe80000)
  to   space 8192K, 0% used [0x00000000f1700000,0x00000000f1700000,0x00000000f1f00000)
 ParOldGen       total 28160K, used 19502K [0x00000000c0000000, 0x00000000c1b80000, 0x00000000eab00000)
  object space 28160K, 69% used [0x00000000c0000000,0x00000000c130b8e8,0x00000000c1b80000)
 Metaspace       used 34456K, capacity 35354K, committed 35456K, reserved 1079296K
  class space    used 4560K, capacity 4946K, committed 4992K, reserved 1048576K
Event: 98.047 GC heap after
Heap after GC invocations=19 (full 2):
 PSYoungGen      total 85504K, used 0K [0x00000000eab00000, 0x00000000f1f00000, 0x0000000100000000)
  eden space 76800K, 0% used [0x00000000eab00000,0x00000000eab00000,0x00000000ef600000)
  from space 8704K, 0% used [0x00000000ef600000,0x00000000ef600000,0x00000000efe80000)
  to   space 8192K, 0% used [0x00000000f1700000,0x00000000f1700000,0x00000000f1f00000)
 ParOldGen       total 28160K, used 19934K [0x00000000c0000000, 0x00000000c1b80000, 0x00000000eab00000)
  object space 28160K, 70% used [0x00000000c0000000,0x00000000c1377b10,0x00000000c1b80000)
 Metaspace       used 34456K, capacity 35354K, committed 35456K, reserved 1079296K
  class space    used 4560K, capacity 4946K, committed 4992K, reserved 1048576K
}

